<?xml version="1.0" encoding="UTF-8"?>
<!-- Generated by org.testng.reporters.JUnitReportReporter -->
<testsuite name="com.paga.cases.approveSubTaskTest" tests="1" time="3.031" ignored="0" failures="0" timestamp="18 十二月 2019 03:21:07 GMT" skipped="0" hostname="WIN-5JMM5SEPDGE" errors="0">
  <testcase name="approveSubTask" time="3.031" classname="com.paga.cases.approveSubTaskTest"/>
</testsuite> <!-- com.paga.cases.approveSubTaskTest -->
