<?xml version="1.0" encoding="UTF-8"?>
<!-- Generated by org.testng.reporters.JUnitReportReporter -->
<testsuite name="com.paga.cases.AddTaskTest" tests="1" time="0.124" ignored="0" failures="0" timestamp="20 十二月 2019 03:04:44 GMT" skipped="0" hostname="WIN-5JMM5SEPDGE" errors="0">
  <testcase name="loginTrue" time="0.124" classname="com.paga.cases.AddTaskTest"/>
</testsuite> <!-- com.paga.cases.AddTaskTest -->
