<?xml version="1.0" encoding="UTF-8"?>
<!-- Generated by org.testng.reporters.JUnitReportReporter -->
<testsuite name="com.paga.cases.TaskTypeTest" tests="1" time="0.018" ignored="0" failures="0" timestamp="13 十二月 2019 04:40:08 GMT" skipped="0" hostname="WIN-5JMM5SEPDGE" errors="0">
  <testcase name="taskType" time="0.018" classname="com.paga.cases.TaskTypeTest"/>
</testsuite> <!-- com.paga.cases.TaskTypeTest -->
