<?xml version="1.0" encoding="UTF-8"?>
<!-- Generated by org.testng.reporters.JUnitReportReporter -->
<testsuite name="com.paga.cases.SubtasktkIdTest" tests="1" time="3.011" ignored="0" failures="0" timestamp="20 十二月 2019 03:04:44 GMT" skipped="0" hostname="WIN-5JMM5SEPDGE" errors="0">
  <testcase name="subtasktkId" time="3.011" classname="com.paga.cases.SubtasktkIdTest"/>
</testsuite> <!-- com.paga.cases.SubtasktkIdTest -->
