<?xml version="1.0" encoding="UTF-8"?>
<!-- Generated by org.testng.reporters.JUnitReportReporter -->
<testsuite name="com.paga.cases.AllHdrTest" tests="1" time="0.008" ignored="0" failures="0" timestamp="13 十二月 2019 04:38:46 GMT" skipped="0" hostname="WIN-5JMM5SEPDGE" errors="0">
  <testcase name="allHdr" time="0.008" classname="com.paga.cases.AllHdrTest"/>
</testsuite> <!-- com.paga.cases.AllHdrTest -->
