<?xml version="1.0" encoding="UTF-8"?>
<!-- Generated by org.testng.reporters.JUnitReportReporter -->
<testsuite name="com.paga.cases.NewSubTaskUUidTest" tests="1" time="3.157" ignored="0" failures="0" timestamp="20 十二月 2019 03:04:44 GMT" skipped="0" hostname="WIN-5JMM5SEPDGE" errors="0">
  <testcase name="newSubTaskuuid" time="3.157" classname="com.paga.cases.NewSubTaskUUidTest"/>
</testsuite> <!-- com.paga.cases.NewSubTaskUUidTest -->
