<?xml version="1.0" encoding="UTF-8"?>
<!-- Generated by org.testng.reporters.JUnitReportReporter -->
<testsuite skipped="0" hostname="WIN-5JMM5SEPDGE" name="com.paga.cases.DemoCase" tests="1" failures="0" timestamp="14 十一月 2019 08:24:17 GMT" time="2.853" errors="0">
  <testcase name="test1" time="2.853" classname="com.paga.cases.DemoCase"/>
</testsuite> <!-- com.paga.cases.DemoCase -->
