<?xml version="1.0" encoding="UTF-8"?>
<!-- Generated by org.testng.reporters.JUnitReportReporter -->
<testsuite skipped="0" hostname="WIN-5JMM5SEPDGE" name="com.paga.cases.CompleteSubtasksTest" tests="3" failures="0" timestamp="19 十一月 2019 09:42:26 GMT" time="10.953" errors="0">
  <testcase name="addPath" time="4.499" classname="com.paga.cases.CompleteSubtasksTest"/>
  <testcase name="login" time="3.868" classname="com.paga.cases.CompleteSubtasksTest"/>
  <testcase name="linkCriteria" time="2.586" classname="com.paga.cases.CompleteSubtasksTest"/>
</testsuite> <!-- com.paga.cases.CompleteSubtasksTest -->
