<?xml version="1.0" encoding="UTF-8"?>
<!-- Generated by org.testng.reporters.JUnitReportReporter -->
<testsuite skipped="0" hostname="WIN-5JMM5SEPDGE" name="com.jlt.cases.DemoCase" tests="1" failures="0" timestamp="13 十一月 2019 07:08:40 GMT" time="3.319" errors="0">
  <testcase name="test1" time="3.319" classname="com.jlt.cases.DemoCase"/>
</testsuite> <!-- com.jlt.cases.DemoCase -->
