<?xml version="1.0" encoding="UTF-8"?>
<!-- Generated by org.testng.reporters.JUnitReportReporter -->
<testsuite skipped="0" hostname="WIN-5JMM5SEPDGE" name="com.paga.cases.CreateTaskTest" tests="1" failures="0" timestamp="21 十一月 2019 05:50:08 GMT" time="5.233" errors="0">
  <testcase name="login" time="5.233" classname="com.paga.cases.CreateTaskTest"/>
</testsuite> <!-- com.paga.cases.CreateTaskTest -->
